<?xml version="1.0" encoding="UTF-8"?>
<!-- Generated by org.testng.reporters.JUnitXMLReporter -->
<testsuite hostname="win764bit" name="Test Case 01" tests="3" failures="0" timestamp="5 Aug 2014 10:03:18 GMT" time="0.036" errors="0">
  <testcase name="test2" time="0.008" classname="Persistent.SeAutomation.testNGClass"/>
  <testcase name="test2" time="0.001" classname="Persistent.SeAutomation.testNGClass"/>
  <testcase name="test1" time="0.001" classname="Persistent.SeAutomation.testNGClass"/>
</testsuite> <!-- Test Case 01 -->
