<?xml version="1.0" encoding="UTF-8"?>
<!-- Generated by org.testng.reporters.JUnitXMLReporter -->
<testsuite hostname="win764bit" name="Test Case 02" tests="3" failures="0" timestamp="6 Aug 2014 06:44:55 GMT" time="1.02" errors="0">
  <testcase name="Verify_Forgot_Password" time="0.062" classname="test.source.testclasses.LoginTestClass"/>
  <testcase name="Verify_Invalid_Login" time="0.002" classname="test.source.testclasses.LoginTestClass"/>
  <testcase name="VerifyLogin_Successful" time="0.835" classname="test.source.testclasses.LoginTestClass">
    <skipped/>
  </testcase> <!-- VerifyLogin_Successful -->
</testsuite> <!-- Test Case 02 -->
