<?xml version="1.0" encoding="UTF-8"?>
<!-- Generated by org.testng.reporters.JUnitXMLReporter -->
<testsuite hostname="win764bit" name="Test" tests="5" failures="0" timestamp="6 Aug 2014 05:23:13 GMT" time="0.413" errors="0">
  <testcase name="createExcel" time="0.184" classname="Persistent.SeAutomation.getExcelData"/>
  <testcase name="modifyExcel" time="0.137" classname="Persistent.SeAutomation.getExcelData"/>
  <testcase name="test2" time="0.001" classname="Persistent.SeAutomation.getExcelData"/>
  <testcase name="test2" time="0.001" classname="Persistent.SeAutomation.getExcelData"/>
  <testcase name="test2" time="0.0" classname="Persistent.SeAutomation.getExcelData"/>
</testsuite> <!-- Test -->
