<?xml version="1.0" encoding="UTF-8"?>
<testng-results skipped="0" failed="0" total="1" passed="1">
  <reporter-output>
  </reporter-output>
  <suite name="Suite" duration-ms="61381" started-at="2014-08-06T10:21:24Z" finished-at="2014-08-06T10:22:26Z">
    <groups>
    </groups>
    <test name="Test Case 02" duration-ms="61381" started-at="2014-08-06T10:21:24Z" finished-at="2014-08-06T10:22:26Z">
      <class name="test.source.testclasses.LoginTestClass">
        <test-method status="PASS" signature="VerifyLogin_Successful(java.lang.String, java.lang.String)[pri:0, instance:test.source.testclasses.LoginTestClass@a3c177]" name="VerifyLogin_Successful" duration-ms="61040" started-at="2014-08-06T15:51:24Z" data-provider="getExcelContents" finished-at="2014-08-06T15:52:26Z">
          <params>
            <param index="0">
              <value>
                <![CDATA[Title2]]>
              </value>
            </param>
            <param index="1">
              <value>
                <![CDATA[Descrption2]]>
              </value>
            </param>
          </params>
          <reporter-output>
          </reporter-output>
        </test-method> <!-- VerifyLogin_Successful -->
      </class> <!-- test.source.testclasses.LoginTestClass -->
    </test> <!-- Test Case 02 -->
  </suite> <!-- Suite -->
</testng-results>
