<?xml version="1.0" encoding="UTF-8"?>
<testng-results skipped="0" failed="0" total="5" passed="5">
  <reporter-output>
  </reporter-output>
  <suite name="Suite" duration-ms="413" started-at="2014-08-06T05:23:12Z" finished-at="2014-08-06T05:23:13Z">
    <groups>
    </groups>
    <test name="Test" duration-ms="413" started-at="2014-08-06T05:23:12Z" finished-at="2014-08-06T05:23:13Z">
      <class name="Persistent.SeAutomation.getExcelData">
        <test-method status="PASS" signature="createExcel()[pri:0, instance:Persistent.SeAutomation.getExcelData@309239]" name="createExcel" duration-ms="184" started-at="2014-08-06T10:53:12Z" finished-at="2014-08-06T10:53:12Z">
          <reporter-output>
          </reporter-output>
        </test-method> <!-- createExcel -->
        <test-method status="PASS" signature="modifyExcel()[pri:0, instance:Persistent.SeAutomation.getExcelData@309239]" name="modifyExcel" duration-ms="137" started-at="2014-08-06T10:53:12Z" finished-at="2014-08-06T10:53:13Z">
          <reporter-output>
          </reporter-output>
        </test-method> <!-- modifyExcel -->
        <test-method status="PASS" signature="test2(java.lang.String, java.lang.String)[pri:0, instance:Persistent.SeAutomation.getExcelData@309239]" name="test2" duration-ms="1" started-at="2014-08-06T10:53:13Z" data-provider="getExcelContents" finished-at="2014-08-06T10:53:13Z">
          <params>
            <param index="0">
              <value>
                <![CDATA[Title1]]>
              </value>
            </param>
            <param index="1">
              <value>
                <![CDATA[Descrption1]]>
              </value>
            </param>
          </params>
          <reporter-output>
          </reporter-output>
        </test-method> <!-- test2 -->
        <test-method status="PASS" signature="test2(java.lang.String, java.lang.String)[pri:0, instance:Persistent.SeAutomation.getExcelData@309239]" name="test2" duration-ms="1" started-at="2014-08-06T10:53:13Z" data-provider="getExcelContents" finished-at="2014-08-06T10:53:13Z">
          <params>
            <param index="0">
              <value>
                <![CDATA[Title2]]>
              </value>
            </param>
            <param index="1">
              <value>
                <![CDATA[Descrption2]]>
              </value>
            </param>
          </params>
          <reporter-output>
          </reporter-output>
        </test-method> <!-- test2 -->
        <test-method status="PASS" signature="test2(java.lang.String, java.lang.String)[pri:0, instance:Persistent.SeAutomation.getExcelData@309239]" name="test2" duration-ms="0" started-at="2014-08-06T10:53:13Z" data-provider="getExcelContents" finished-at="2014-08-06T10:53:13Z">
          <params>
            <param index="0">
              <value>
                <![CDATA[Title3]]>
              </value>
            </param>
            <param index="1">
              <value>
                <![CDATA[Descrption3]]>
              </value>
            </param>
          </params>
          <reporter-output>
          </reporter-output>
        </test-method> <!-- test2 -->
      </class> <!-- Persistent.SeAutomation.getExcelData -->
    </test> <!-- Test -->
  </suite> <!-- Suite -->
</testng-results>
