<?xml version="1.0" encoding="UTF-8"?>
<testng-results skipped="0" failed="0" total="1" passed="1">
  <reporter-output>
  </reporter-output>
  <suite name="Default suite" duration-ms="45014" started-at="2014-08-06T09:03:34Z" finished-at="2014-08-06T09:04:19Z">
    <groups>
    </groups>
    <test name="Default test" duration-ms="45014" started-at="2014-08-06T09:03:34Z" finished-at="2014-08-06T09:04:19Z">
      <class name="test.source.testclasses.LoginTestClass">
        <test-method status="PASS" signature="VerifyLogin_Successful(java.lang.String, java.lang.String)[pri:0, instance:test.source.testclasses.LoginTestClass@232023ff]" name="VerifyLogin_Successful" duration-ms="44790" started-at="2014-08-06T14:33:35Z" data-provider="getExcelContents" finished-at="2014-08-06T14:34:19Z">
          <params>
            <param index="0">
              <value>
                <![CDATA[Title2]]>
              </value>
            </param>
            <param index="1">
              <value>
                <![CDATA[Descrption2]]>
              </value>
            </param>
          </params>
          <reporter-output>
          </reporter-output>
        </test-method> <!-- VerifyLogin_Successful -->
      </class> <!-- test.source.testclasses.LoginTestClass -->
    </test> <!-- Default test -->
  </suite> <!-- Default suite -->
</testng-results>
